This is pdfTeX, Version 3.1415926-1.40.10 (MiKTeX 2.8) (preloaded format=pdflatex 2012.8.14)  5 SEP 2012 22:55
entering extended mode
**C:/Users/micmitch/Dropbox/My*Documents/UBC/DCIP3D_Octree_Manual/DCIP3D_Octree
_Manual.tex

("C:/Users/micmitch/Dropbox/My Documents/UBC/DCIP3D_Octree_Manual/DCIP3D_Octree
_Manual.tex"
LaTeX2e <2011/06/27>
Babel <v3.8m> and hyphenation patterns for english, dumylang, nohyphenation, ge
rman, ngerman, german-x-2009-06-19, ngerman-x-2009-06-19, french, loaded.
("C:\Users\micmitch\Dropbox\My Documents\UBC\DCIP3D_Octree_Manual\GIFmanual.cls
"
Document Class: GIFmanual 
("C:\Program Files (x86)\MiKTeX 2.8\tex\latex\base\article.cls"
Document Class: article 2007/10/19 v1.4h Standard LaTeX document class
("C:\Program Files (x86)\MiKTeX 2.8\tex\latex\base\size11.clo"
File: size11.clo 2007/10/19 v1.4h Standard LaTeX file (size option)
)
\c@part=\count79
\c@section=\count80
\c@subsection=\count81
\c@subsubsection=\count82
\c@paragraph=\count83
\c@subparagraph=\count84
\c@figure=\count85
\c@table=\count86
\abovecaptionskip=\skip41
\belowcaptionskip=\skip42
\bibindent=\dimen102
)
("C:\Program Files (x86)\MiKTeX 2.8\tex\latex\preprint\fullpage.sty"
Package: fullpage 1999/02/23 1.1 (PWD)
\FP@margin=\skip43
)
("C:\Program Files (x86)\MiKTeX 2.8\tex\latex\tools\bm.sty"
Package: bm 2004/02/26 v1.1c Bold Symbol Support (DPC/FMi)
\symboldoperators=\mathgroup4
\symboldletters=\mathgroup5
\symboldsymbols=\mathgroup6
LaTeX Font Info:    Redeclaring math alphabet \mathbf on input line 138.
LaTeX Info: Redefining \bm on input line 204.
)
("C:\Program Files (x86)\MiKTeX 2.8\tex\latex\ams\math\amsmath.sty"
Package: amsmath 2000/07/18 v2.13 AMS math features
\@mathmargin=\skip44

For additional information on amsmath, use the `?' option.
("C:\Program Files (x86)\MiKTeX 2.8\tex\latex\ams\math\amstext.sty"
Package: amstext 2000/06/29 v2.01

("C:\Program Files (x86)\MiKTeX 2.8\tex\latex\ams\math\amsgen.sty"
File: amsgen.sty 1999/11/30 v2.0
\@emptytoks=\toks14
\ex@=\dimen103
))
("C:\Program Files (x86)\MiKTeX 2.8\tex\latex\ams\math\amsbsy.sty"
Package: amsbsy 1999/11/29 v1.2d
LaTeX Info: Redefining \boldsymbol on input line 54.
\pmbraise@=\dimen104
)
("C:\Program Files (x86)\MiKTeX 2.8\tex\latex\ams\math\amsopn.sty"
Package: amsopn 1999/12/14 v2.01 operator names
)
\inf@bad=\count87
LaTeX Info: Redefining \frac on input line 211.
\uproot@=\count88
\leftroot@=\count89
LaTeX Info: Redefining \overline on input line 307.
\classnum@=\count90
\DOTSCASE@=\count91
LaTeX Info: Redefining \ldots on input line 379.
LaTeX Info: Redefining \dots on input line 382.
LaTeX Info: Redefining \cdots on input line 467.
\Mathstrutbox@=\box26
\strutbox@=\box27
\big@size=\dimen105
LaTeX Font Info:    Redeclaring font encoding OML on input line 567.
LaTeX Font Info:    Redeclaring font encoding OMS on input line 568.
\macc@depth=\count92
\c@MaxMatrixCols=\count93
\dotsspace@=\muskip10
\c@parentequation=\count94
\dspbrk@lvl=\count95
\tag@help=\toks15
\row@=\count96
\column@=\count97
\maxfields@=\count98
\andhelp@=\toks16
\eqnshift@=\dimen106
\alignsep@=\dimen107
\tagshift@=\dimen108
\tagwidth@=\dimen109
\totwidth@=\dimen110
\lineht@=\dimen111
\@envbody=\toks17
\multlinegap=\skip45
\multlinetaggap=\skip46
\mathdisplay@stack=\toks18
LaTeX Info: Redefining \[ on input line 2666.
LaTeX Info: Redefining \] on input line 2667.
)
("C:\Program Files (x86)\MiKTeX 2.8\tex\latex\graphics\graphicx.sty"
Package: graphicx 1999/02/16 v1.0f Enhanced LaTeX Graphics (DPC,SPQR)

("C:\Program Files (x86)\MiKTeX 2.8\tex\latex\graphics\keyval.sty"
Package: keyval 1999/03/16 v1.13 key=value parser (DPC)
\KV@toks@=\toks19
)
("C:\Program Files (x86)\MiKTeX 2.8\tex\latex\graphics\graphics.sty"
Package: graphics 2009/02/05 v1.0o Standard LaTeX Graphics (DPC,SPQR)

("C:\Program Files (x86)\MiKTeX 2.8\tex\latex\graphics\trig.sty"
Package: trig 1999/03/16 v1.09 sin cos tan (DPC)
)
("C:\Program Files (x86)\MiKTeX 2.8\tex\latex\00miktex\graphics.cfg"
File: graphics.cfg 2007/01/18 v1.5 graphics configuration of teTeX/TeXLive
)
Package graphics Info: Driver file: pdftex.def on input line 91.

("C:\Program Files (x86)\MiKTeX 2.8\tex\latex\pdftex-def\pdftex.def"
File: pdftex.def 2011/05/27 v0.06d Graphics/color for pdfTeX

("C:\Program Files (x86)\MiKTeX 2.8\tex\generic\oberdiek\infwarerr.sty"
Package: infwarerr 2010/04/08 v1.3 Providing info/warning/message (HO)
)
("C:\Program Files (x86)\MiKTeX 2.8\tex\generic\oberdiek\ltxcmds.sty"
Package: ltxcmds 2011/04/18 v1.20 LaTeX kernel commands for general use (HO)
)
\Gread@gobject=\count99
))
\Gin@req@height=\dimen112
\Gin@req@width=\dimen113
)
("C:\Program Files (x86)\MiKTeX 2.8\tex\latex\natbib\natbib.sty"
Package: natbib 2010/09/13 8.31b (PWD, AO)
\bibhang=\skip47
\bibsep=\skip48
LaTeX Info: Redefining \cite on input line 694.
\c@NAT@ctr=\count100
)
("C:\Program Files (x86)\MiKTeX 2.8\tex\latex\graphics\color.sty"
Package: color 2005/11/14 v1.0j Standard LaTeX Color (DPC)

("C:\Program Files (x86)\MiKTeX 2.8\tex\latex\00miktex\color.cfg"
File: color.cfg 2007/01/18 v1.5 color configuration of teTeX/TeXLive
)
Package color Info: Driver file: pdftex.def on input line 130.
)
("C:\Program Files (x86)\MiKTeX 2.8\tex\latex\subfig\subfig.sty"
Package: subfig 2005/06/28 ver: 1.3 subfig package

("C:\Program Files (x86)\MiKTeX 2.8\tex\latex\caption\caption.sty"
Package: caption 2011/11/10 v3.2e Customizing captions (AR)

("C:\Program Files (x86)\MiKTeX 2.8\tex\latex\caption\caption3.sty"
Package: caption3 2011/11/01 v1.4a caption3 kernel (AR)
\captionmargin=\dimen114
\captionmargin@=\dimen115
\captionwidth=\dimen116
\caption@indent=\dimen117
\caption@parindent=\dimen118
\caption@hangindent=\dimen119
)
\c@ContinuedFloat=\count101
)
\c@KVtest=\count102
\sf@farskip=\skip49
\sf@captopadj=\dimen120
\sf@capskip=\skip50
\sf@nearskip=\skip51
\c@subfigure=\count103
\c@subfigure@save=\count104
\c@lofdepth=\count105
\c@subtable=\count106
\c@subtable@save=\count107
\c@lotdepth=\count108
\sf@top=\skip52
\sf@bottom=\skip53
)
("C:\Program Files (x86)\MiKTeX 2.8\tex\latex\etoolbox\etoolbox.sty"
Package: etoolbox 2011/01/03 v2.1 e-TeX tools for LaTeX

("C:\Program Files (x86)\MiKTeX 2.8\tex\latex\misc\etex.sty"
Package: etex 1998/03/26 v2.0 eTeX basic definition package (PEB)
\et@xins=\count109
)
\etb@tempcnta=\count110
)
("C:\Program Files (x86)\MiKTeX 2.8\tex\latex\hyperref\hyperref.sty"
Package: hyperref 2011/11/21 v6.82l Hypertext links for LaTeX

("C:\Program Files (x86)\MiKTeX 2.8\tex\generic\oberdiek\hobsub-hyperref.sty"
Package: hobsub-hyperref 2011/04/23 v1.4 Bundle oberdiek, subset hyperref (HO)

("C:\Program Files (x86)\MiKTeX 2.8\tex\generic\oberdiek\hobsub-generic.sty"
Package: hobsub-generic 2011/04/23 v1.4 Bundle oberdiek, subset generic (HO)
Package: hobsub 2011/04/23 v1.4 Subsetting bundle oberdiek (HO)
Package hobsub Info: Skipping package `infwarerr' (already loaded).
Package hobsub Info: Skipping package `ltxcmds' (already loaded).
Package: ifluatex 2010/03/01 v1.3 Provides the ifluatex switch (HO)
Package ifluatex Info: LuaTeX not detected.
Package: ifvtex 2010/03/01 v1.5 Switches for detecting VTeX and its modes (HO)
Package ifvtex Info: VTeX not detected.
Package: intcalc 2007/09/27 v1.1 Expandable integer calculations (HO)
Package: ifpdf 2011/01/30 v2.3 Provides the ifpdf switch (HO)
Package ifpdf Info: pdfTeX in PDF mode is detected.
Package: etexcmds 2011/02/16 v1.5 Prefix for e-TeX command names (HO)
Package etexcmds Info: Could not find \expanded.
(etexcmds)             That can mean that you are not using pdfTeX 1.50 or
(etexcmds)             that some package has redefined \expanded.
(etexcmds)             In the latter case, load this package earlier.
Package: kvsetkeys 2011/04/07 v1.13 Key value parser (HO)
Package: kvdefinekeys 2011/04/07 v1.3 Defining keys (HO)
Package: pdftexcmds 2011/04/22 v0.16 Utilities of pdfTeX for LuaTeX (HO)
Package pdftexcmds Info: LuaTeX not detected.
Package pdftexcmds Info: \pdf@primitive is available.
Package pdftexcmds Info: \pdf@ifprimitive is available.
Package pdftexcmds Info: \pdfdraftmode found.
Package: pdfescape 2011/04/04 v1.12 Provides string conversions (HO)
Package: bigintcalc 2011/01/30 v1.2 Expandable big integer calculations (HO)
Package: bitset 2011/01/30 v1.1 Data type bit set (HO)
Package: uniquecounter 2011/01/30 v1.2 Provides unlimited unique counter (HO)
)
Package hobsub Info: Skipping package `hobsub' (already loaded).
Package: letltxmacro 2010/09/02 v1.4 Let assignment for LaTeX macros (HO)
Package: hopatch 2011/01/30 v1.0 Wrapper for package hooks (HO)
Package: xcolor-patch 2011/01/30 xcolor patch
Package: atveryend 2011/04/23 v1.7 Hooks at very end of document (HO)
Package: atbegshi 2011/01/30 v1.15 At begin shipout hook (HO)
Package: refcount 2010/12/01 v3.2 Data extraction from references (HO)
Package: hycolor 2011/01/30 v1.7 Color options of hyperref/bookmark (HO)
)
("C:\Program Files (x86)\MiKTeX 2.8\tex\generic\ifxetex\ifxetex.sty"
Package: ifxetex 2010/09/12 v0.6 Provides ifxetex conditional
)
("C:\Program Files (x86)\MiKTeX 2.8\tex\latex\oberdiek\kvoptions.sty"
Package: kvoptions 2010/12/23 v3.10 Keyval support for LaTeX options (HO)
)
\@linkdim=\dimen121
\Hy@linkcounter=\count111
\Hy@pagecounter=\count112

("C:\Program Files (x86)\MiKTeX 2.8\tex\latex\hyperref\pd1enc.def"
File: pd1enc.def 2011/11/21 v6.82l Hyperref: PDFDocEncoding definition (HO)
)
\Hy@SavedSpaceFactor=\count113

("C:\Program Files (x86)\MiKTeX 2.8\tex\latex\00miktex\hyperref.cfg"
File: hyperref.cfg 2002/06/06 v1.2 hyperref configuration of TeXLive
)
Package hyperref Info: Option `colorlinks' set `true' on input line 3925.
Package hyperref Info: Hyper figures OFF on input line 4046.
Package hyperref Info: Link nesting OFF on input line 4051.
Package hyperref Info: Hyper index ON on input line 4054.
Package hyperref Info: Plain pages OFF on input line 4061.
Package hyperref Info: Backreferencing OFF on input line 4066.
Package hyperref Info: Implicit mode ON; LaTeX internals redefined.
Package hyperref Info: Bookmarks ON on input line 4284.
\c@Hy@tempcnt=\count114

("C:\Program Files (x86)\MiKTeX 2.8\tex\latex\ltxmisc\url.sty"
\Urlmuskip=\muskip11
Package: url 2006/04/12  ver 3.3  Verb mode for urls, etc.
)
LaTeX Info: Redefining \url on input line 4637.
\Fld@menulength=\count115
\Field@Width=\dimen122
\Fld@charsize=\dimen123
Package hyperref Info: Hyper figures OFF on input line 5757.
Package hyperref Info: Link nesting OFF on input line 5762.
Package hyperref Info: Hyper index ON on input line 5765.
Package hyperref Info: backreferencing OFF on input line 5772.
Package hyperref Info: Link coloring ON on input line 5775.
Package hyperref Info: Link coloring with OCG OFF on input line 5782.
Package hyperref Info: PDF/A mode OFF on input line 5787.
LaTeX Info: Redefining \ref on input line 5827.
LaTeX Info: Redefining \pageref on input line 5831.
\Hy@abspage=\count116
\c@Item=\count117
\c@Hfootnote=\count118
)

Package hyperref Message: Driver (autodetected): hpdftex.

("C:\Program Files (x86)\MiKTeX 2.8\tex\latex\hyperref\hpdftex.def"
File: hpdftex.def 2011/11/21 v6.82l Hyperref driver for pdfTeX
\Fld@listcount=\count119
\c@bookmark@seq@number=\count120

("C:\Program Files (x86)\MiKTeX 2.8\tex\latex\oberdiek\rerunfilecheck.sty"
Package: rerunfilecheck 2011/04/15 v1.7 Rerun checks for auxiliary files (HO)
Package uniquecounter Info: New unique counter `rerunfilecheck' on input line 2
82.
)
\Hy@SectionHShift=\skip54
)
("C:\Program Files (x86)\MiKTeX 2.8\tex\latex\base\ifthen.sty"
Package: ifthen 2001/05/26 v1.1c Standard LaTeX ifthen package (DPC)
)
("C:\Program Files (x86)\MiKTeX 2.8\tex\latex\datetime\datetime.sty"
Package: datetime 2010/09/21 v2.58 Date Time Package

("C:\Program Files (x86)\MiKTeX 2.8\tex\latex\fmtcount\fmtcount.sty"
Package: fmtcount 2009/10/02 v1.31
\c@padzeroesN=\count121

("C:\Program Files (x86)\MiKTeX 2.8\tex\latex\fmtcount\fc-english.def"
File: fc-english 2007/05/26
)
("C:\Program Files (x86)\MiKTeX 2.8\tex\latex\fmtcount\fc-UKenglish.def"
File: fc-UKenglish 2007/06/14
)
("C:\Program Files (x86)\MiKTeX 2.8\tex\latex\fmtcount\fc-british.def"
File: fc-british 2007/06/14
)
("C:\Program Files (x86)\MiKTeX 2.8\tex\latex\fmtcount\fc-USenglish.def"
File: fc-USenglish 2007/06/14
)
("C:\Program Files (x86)\MiKTeX 2.8\tex\latex\fmtcount\fc-french.def"
File: fc-french.def 2007/05/26
)
("C:\Program Files (x86)\MiKTeX 2.8\tex\latex\fmtcount\fc-german.def"
File: fc-german.def 2007/06/14
)
No configuration file fmtcount.cfg found.
\@DT@modctr=\count122
\@ordinalctr=\count123
\@orgargctr=\count124
\@strctr=\count125
\@tmpstrctr=\count126
\@DT@loopN=\count127
\@DT@X=\count128
)
\@day=\count129
\@month=\count130
\@year=\count131
\c@HOUR=\count132
\c@HOURXII=\count133
\c@MINUTE=\count134
\c@TOHOUR=\count135
\c@TOMINUTE=\count136
\c@SECOND=\count137
\currenthour=\count138
\currentminute=\count139
\currentsecond=\count140
Package datetime Info: No datetime.cfg file found, using default settings on in
put line 292.
\@dtctr=\count141
\dayofyear=\count142
\dayofweek=\count143
LaTeX Info: Redefining \today on input line 724.
\dt@a=\toks20
\dt@b=\toks21
) ("C:\Program Files (x86)\MiKTeX 2.8\tex\latex\changepage\chngpage.sty"
Package: chngpage 2009/10/20 v1.2b change page layout
\c@cp@cnt=\count144
\c@cp@tempcnt=\count145
)
("C:\Program Files (x86)\MiKTeX 2.8\tex\latex\enumitem\enumitem.sty"
Package: enumitem 2011/09/28 v3.5.2 Customized lists
\labelindent=\skip55
\enit@outerparindent=\dimen124
\enit@toks=\toks22
\enit@inbox=\box28
\enitdp@description=\count146
)
\c@lemma=\count147
\c@theorem=\count148
\c@proof=\count149
)
("C:\Users\micmitch\Dropbox\My Documents\UBC\DCIP3D_Octree_Manual\DCIP3D_Octree
_Manual.aux")
LaTeX Font Info:    Checking defaults for OML/cmm/m/it on input line 15.
LaTeX Font Info:    ... okay on input line 15.
LaTeX Font Info:    Checking defaults for T1/cmr/m/n on input line 15.
LaTeX Font Info:    ... okay on input line 15.
LaTeX Font Info:    Checking defaults for OT1/cmr/m/n on input line 15.
LaTeX Font Info:    ... okay on input line 15.
LaTeX Font Info:    Checking defaults for OMS/cmsy/m/n on input line 15.
LaTeX Font Info:    ... okay on input line 15.
LaTeX Font Info:    Checking defaults for OMX/cmex/m/n on input line 15.
LaTeX Font Info:    ... okay on input line 15.
LaTeX Font Info:    Checking defaults for U/cmr/m/n on input line 15.
LaTeX Font Info:    ... okay on input line 15.
LaTeX Font Info:    Checking defaults for PD1/pdf/m/n on input line 15.
LaTeX Font Info:    ... okay on input line 15.

(C:\Users\micmitch\AppData\Roaming\MiKTeX\2.8\tex\context\base\supp-pdf.mkii
[Loading MPS to PDF converter (version 2006.09.02).]
\scratchcounter=\count150
\scratchdimen=\dimen125
\scratchbox=\box29
\nofMPsegments=\count151
\nofMParguments=\count152
\everyMPshowfont=\toks23
\MPscratchCnt=\count153
\MPscratchDim=\dimen126
\MPnumerator=\count154
\makeMPintoPDFobject=\count155
\everyMPtoPDFconversion=\toks24
)
Package caption Info: Begin \AtBeginDocument code.
Package caption Info: subfig package v1.3 is loaded.
Package caption Info: hyperref package is loaded.
Package caption Info: End \AtBeginDocument code.
\AtBeginShipoutBox=\box30
Package hyperref Info: Link coloring ON on input line 15.
 ("C:\Program Files (x86)\MiKTeX 2.8\tex\latex\hyperref\nameref.sty"
Package: nameref 2010/04/30 v2.40 Cross-referencing by name of section

("C:\Program Files (x86)\MiKTeX 2.8\tex\generic\oberdiek\gettitlestring.sty"
Package: gettitlestring 2010/12/03 v1.4 Cleanup title references (HO)
)
\c@section@level=\count156
)
LaTeX Info: Redefining \ref on input line 15.
LaTeX Info: Redefining \pageref on input line 15.
LaTeX Info: Redefining \nameref on input line 15.

("C:\Users\micmitch\Dropbox\My Documents\UBC\DCIP3D_Octree_Manual\DCIP3D_Octree
_Manual.out")
("C:\Users\micmitch\Dropbox\My Documents\UBC\DCIP3D_Octree_Manual\DCIP3D_Octree
_Manual.out")
\@outlinefile=\write3
 <Figures/logo.png, id=119, 358.33875pt x 221.82875pt>
File: Figures/logo.png Graphic file (type png)

<use Figures/logo.png>
Package pdftex.def Info: Figures/logo.png used on input line 16.
(pdftex.def)             Requested size: 175.11182pt x 108.405pt.
 [1

{C:/Users/micmitch/AppData/Local/MiKTeX/2.8/pdftex/config/pdftex.map} <C:/Users
/micmitch/Dropbox/My Documents/UBC/DCIP3D_Octree_Manual/Figures/logo.png (PNG c
opy)>] [2


]
("C:\Users\micmitch\Dropbox\My Documents\UBC\DCIP3D_Octree_Manual\DCIP3D_Octree
_Manual.toc"
Underfull \vbox (badness 3343) has occurred while \output is active []

 [3


])
\tf@toc=\write4

[4]
("C:\Users\micmitch\Dropbox\My Documents\UBC\DCIP3D_Octree_Manual\overview.tex"

Package hyperref Warning: Token not allowed in a PDF string (PDFDocEncoding):
(hyperref)                removing `\uppercase' on input line 1.

<Figures/mesh.png, id=175, 275.52937pt x 275.52937pt>
File: Figures/mesh.png Graphic file (type png)
 <use Figures/mesh.png>
Package pdftex.def Info: Figures/mesh.png used on input line 17.
(pdftex.def)             Requested size: 180.68115pt x 180.67499pt.

[1



]
LaTeX Font Info:    Font shape `OT1/cmtt/bx/n' in size <10.95> not available
(Font)              Font shape `OT1/cmtt/m/n' tried instead on input line 28.
 [2 <C:/Users/micmitch/Dropbox/My Documents/UBC/DCIP3D_Octree_Manual/Figures/me
sh.png (PNG copy)>])
("C:\Users\micmitch\Dropbox\My Documents\UBC\DCIP3D_Octree_Manual\backgroundthe
ory.tex" [3] [4


]

Package hyperref Warning: Token not allowed in a PDF string (PDFDocEncoding):
(hyperref)                removing `\uppercase' on input line 1.

Missing character: There is no ù in font cmr10!
Missing character: There is no ù in font cmr10!
<Figures/potentials.png, id=206, 456.20438pt x 204.01219pt>
File: Figures/potentials.png Graphic file (type png)

<use Figures/potentials.png>
Package pdftex.def Info: Figures/potentials.png used on input line 28.
(pdftex.def)             Requested size: 323.23213pt x 144.54pt.
 [5] [6 <C:/Users/micmitch/Dropbox/My Documents/UBC/DCIP3D_Octree_Manual/Figure
s/potentials.png (PNG copy)>]
<Figures/5prisms.png, id=232, 453.19313pt x 339.51843pt>
File: Figures/5prisms.png Graphic file (type png)

<use Figures/5prisms.png>
Package pdftex.def Info: Figures/5prisms.png used on input line 71.
(pdftex.def)             Requested size: 385.88675pt x 289.07999pt.

<Figures/FWD_cond.png, id=233, 707.64375pt x 506.6428pt>
File: Figures/FWD_cond.png Graphic file (type png)

<use Figures/FWD_cond.png>
Package pdftex.def Info: Figures/FWD_cond.png used on input line 78.
(pdftex.def)             Requested size: 302.82318pt x 216.81pt.

<Figures/FWD_chg.png, id=234, 690.32906pt x 496.10344pt>
File: Figures/FWD_chg.png Graphic file (type png)

<use Figures/FWD_chg.png>
Package pdftex.def Info: Figures/FWD_chg.png used on input line 85.
(pdftex.def)             Requested size: 301.69168pt x 216.81pt.
 [7]
Underfull \vbox (badness 10000) has occurred while \output is active []

 [8 <C:/Users/micmitch/Dropbox/My Documents/UBC/DCIP3D_Octree_Manual/Figures/5p
risms.png (PNG copy)>] [9 <C:/Users/micmitch/Dropbox/My Documents/UBC/DCIP3D_Oc
tree_Manual/Figures/FWD_cond.png (PNG copy)>]
Overfull \hbox (29.41356pt too wide) in paragraph at lines 126--128
\OT1/cmr/m/n/10.95 where $\OT1/cmr/bx/n/10.95 m$ \OT1/cmr/m/n/10.95 and $\OT1/c
mr/bx/n/10.95 m[]$ \OT1/cmr/m/n/10.95 are $\OML/cmm/m/it/10.95 M$\OT1/cmr/m/n/1
0.95 -length dis-cretized model vec-tors which char-ac-ter-ize the con-duc-tiv-
ity/chargeability
 []

[10 <C:/Users/micmitch/Dropbox/My Documents/UBC/DCIP3D_Octree_Manual/Figures/FW
D_chg.png (PNG copy)>] [11]
<Figures/chart.png, id=282, 549.55313pt x 645.91313pt>
File: Figures/chart.png Graphic file (type png)
 <use Figures/chart.png>
Package pdftex.def Info: Figures/chart.png used on input line 152.
(pdftex.def)             Requested size: 467.332pt x 549.25243pt.

[12]
Underfull \vbox (badness 10000) has occurred while \output is active []

 [13 <C:/Users/micmitch/Dropbox/My Documents/UBC/DCIP3D_Octree_Manual/Figures/c
hart.png (PNG copy)>] [14])
("C:\Users\micmitch\Dropbox\My Documents\UBC\DCIP3D_Octree_Manual\elements.tex"
[15] [16


]

Package hyperref Warning: Token not allowed in a PDF string (PDFDocEncoding):
(hyperref)                removing `\uppercase' on input line 1.


Package hyperref Warning: Token not allowed in a PDF string (PDFDocEncoding):
(hyperref)                removing `\uppercase' on input line 31.

[17]
("C:\Users\micmitch\Dropbox\My Documents\UBC\DCIP3D_Octree_Manual\octreemesh3df
ile.tex" [18] [19])
("C:\Users\micmitch\Dropbox\My Documents\UBC\DCIP3D_Octree_Manual\mesh3dfile.te
x" [20])
("C:\Users\micmitch\Dropbox\My Documents\UBC\DCIP3D_Octree_Manual\topographyfil
e.tex" [21]) [22]
("C:\Users\micmitch\Dropbox\My Documents\UBC\DCIP3D_Octree_Manual\locationsfile
.tex" [23]
Underfull \vbox (badness 10000) has occurred while \output is active []

 [24])
("C:\Users\micmitch\Dropbox\My Documents\UBC\DCIP3D_Octree_Manual\observationsf
ile.tex" [25] [26]
Underfull \vbox (badness 7362) has occurred while \output is active []

 [27])
("C:\Users\micmitch\Dropbox\My Documents\UBC\DCIP3D_Octree_Manual\modelfile.tex
" [28])
("C:\Users\micmitch\Dropbox\My Documents\UBC\DCIP3D_Octree_Manual\cellweightsfi
le.tex")
("C:\Users\micmitch\Dropbox\My Documents\UBC\DCIP3D_Octree_Manual\interfaceweig
htsfile.tex" [29])
("C:\Users\micmitch\Dropbox\My Documents\UBC\DCIP3D_Octree_Manual\boundsfile.te
x" [30])
("C:\Users\micmitch\Dropbox\My Documents\UBC\DCIP3D_Octree_Manual\activecellsfi
le.tex"
Underfull \vbox (badness 4832) has occurred while \output is active []

 [31]))
("C:\Users\micmitch\Dropbox\My Documents\UBC\DCIP3D_Octree_Manual\runningprogra
ms.tex" [32] [33


]
LaTeX Font Info:    Try loading font information for OMS+cmtt on input line 50.

LaTeX Font Info:    No file OMScmtt.fd. on input line 50.


LaTeX Font Warning: Font shape `OMS/cmtt/m/n' undefined
(Font)              using `OMS/cmsy/m/n' instead
(Font)              for symbol `textbackslash' on input line 50.

[34]
LaTeX Font Info:    Try loading font information for OMS+cmr on input line 67.
 ("C:\Program Files (x86)\MiKTeX 2.8\tex\latex\base\omscmr.fd"
File: omscmr.fd 1999/05/25 v2.5h Standard LaTeX font definitions
)
LaTeX Font Info:    Font shape `OMS/cmr/m/n' in size <10.95> not available
(Font)              Font shape `OMS/cmsy/m/n' tried instead on input line 67.
 [35]

LaTeX Font Warning: Font shape `OMS/cmtt/bx/n' undefined
(Font)              using `OMS/cmtt/m/n' instead
(Font)              for symbol `textbar' on input line 124.

[36]
Overfull \hbox (3.63763pt too wide) in paragraph at lines 137--138
   [] \OT1/cmr/m/n/10.95 A di-ag-nos-tic log file out-put by the MUMPS (a \OT1/
cmr/bx/n/10.95 MU\OT1/cmr/m/n/10.95 ltifrontal \OT1/cmr/bx/n/10.95 M\OT1/cmr/m/
n/10.95 assively
 []

[37] [38] [39]
Overfull \hbox (2.51671pt too wide) in paragraph at lines 210--211
\OT1/cmr/m/n/10.95 terms of the ob-jec-tive func-tion) and []SMOOTH[]MOD[] (ref
-er-ence model
 []

[40] [41]
Overfull \hbox (3.63763pt too wide) in paragraph at lines 255--256
   [] \OT1/cmr/m/n/10.95 A di-ag-nos-tic log file out-put by the MUMPS (a \OT1/
cmr/bx/n/10.95 MU\OT1/cmr/m/n/10.95 ltifrontal \OT1/cmr/bx/n/10.95 M\OT1/cmr/m/
n/10.95 assively
 []


Underfull \vbox (badness 10000) has occurred while \output is active []

 [42]
[43] [44]
Overfull \hbox (2.51671pt too wide) in paragraph at lines 312--313
\OT1/cmr/m/n/10.95 terms of the ob-jec-tive func-tion) and []SMOOTH[]MOD[] (ref
-er-ence model
 []

[45] [46]
Overfull \hbox (3.63763pt too wide) in paragraph at lines 354--355
   [] \OT1/cmr/m/n/10.95 A di-ag-nos-tic log file out-put by the MUMPS (a \OT1/
cmr/bx/n/10.95 MU\OT1/cmr/m/n/10.95 ltifrontal \OT1/cmr/bx/n/10.95 M\OT1/cmr/m/
n/10.95 assively
 []

[47] [48] [49] [50] [51] [52] [53]
Overfull \hbox (21.82338pt too wide) in paragraph at lines 629--641
 [] 
 []

[54])
("C:\Users\micmitch\Dropbox\My Documents\UBC\DCIP3D_Octree_Manual\examples.tex"
[55] [56


] [57] [58] <Figures/InvDC.png, id=605, 337.26pt x 574.39594pt>
File: Figures/InvDC.png Graphic file (type png)

<use Figures/InvDC.png>
Package pdftex.def Info: Figures/InvDC.png used on input line 109.
(pdftex.def)             Requested size: 265.21797pt x 451.6875pt.

Underfull \vbox (badness 1931) has occurred while \output is active []

 [59]
Underfull \vbox (badness 1902) has occurred while \output is active []

 [60 <C:/Users/micmitch/Dropbox/My Documents/UBC/DCIP3D_Octree_Manual/Figures/I
nvDC.png (PNG copy)>] <Figures/InvIP.png, id=619, 328.22626pt x 576.65437pt>
File: Figures/InvIP.png Graphic file (type png)

<use Figures/InvIP.png>
Package pdftex.def Info: Figures/InvIP.png used on input line 154.
(pdftex.def)             Requested size: 257.10725pt x 451.6875pt.
 [61]

LaTeX Warning: Text page 62 contains only floats.


Underfull \vbox (badness 1902) has occurred while \output is active []

 [62 <C:/Users/micmitch/Dropbox/My Documents/UBC/DCIP3D_Octree_Manual/Figures/I
nvIP.png (PNG copy)>] <Figures/InvDC_BH.png, id=636, 323.70938pt x 581.92406pt>
File: Figures/InvDC_BH.png Graphic file (type png)

<use Figures/InvDC_BH.png>
Package pdftex.def Info: Figures/InvDC_BH.png used on input line 201.
(pdftex.def)             Requested size: 251.26732pt x 451.6875pt.

Underfull \vbox (badness 1721) has occurred while \output is active []

 [63]
Underfull \vbox (badness 1902) has occurred while \output is active []

 [64 <C:/Users/micmitch/Dropbox/My Documents/UBC/DCIP3D_Octree_Manual/Figures/I
nvDC_BH.png (PNG copy)>] <Figures/InvIP_BH.png, id=655, 335.75438pt x 581.92406
pt>
File: Figures/InvIP_BH.png Graphic file (type png)

<use Figures/InvIP_BH.png>
Package pdftex.def Info: Figures/InvIP_BH.png used on input line 247.
(pdftex.def)             Requested size: 260.6168pt x 451.6875pt.
 [65]
Underfull \vbox (badness 1902) has occurred while \output is active []

 [66 <C:/Users/micmitch/Dropbox/My Documents/UBC/DCIP3D_Octree_Manual/Figures/I
nvIP_BH.png (PNG copy)>] <Figures/InvDC_JN.png, id=675, 335.75438pt x 581.92406
pt>
File: Figures/InvDC_JN.png Graphic file (type png)

<use Figures/InvDC_JN.png>
Package pdftex.def Info: Figures/InvDC_JN.png used on input line 295.
(pdftex.def)             Requested size: 260.6168pt x 451.6875pt.
 [67] [68 <C:/Users/micmitch/Dropbox/My Documents/UBC/DCIP3D_Octree_Manual/Figu
res/InvDC_JN.png (PNG copy)>]
<Figures/InvIP_JN.png, id=694, 335.75438pt x 581.92406pt>
File: Figures/InvIP_JN.png Graphic file (type png)

<use Figures/InvIP_JN.png>
Package pdftex.def Info: Figures/InvIP_JN.png used on input line 341.
(pdftex.def)             Requested size: 260.6168pt x 451.6875pt.

Underfull \vbox (badness 6675) has occurred while \output is active []

 [69]

LaTeX Warning: Text page 70 contains only floats.


Underfull \vbox (badness 1902) has occurred while \output is active []

 [70 <C:/Users/micmitch/Dropbox/My Documents/UBC/DCIP3D_Octree_Manual/Figures/I
nvIP_JN.png (PNG copy)>])
("C:\Users\micmitch\Dropbox\My Documents\UBC\DCIP3D_Octree_Manual\DCIP3D_Octree
_Manual.bbl" [71] [72


])
Package atveryend Info: Empty hook `BeforeClearDocument' on input line 38.
 [73]
Package atveryend Info: Empty hook `AfterLastShipout' on input line 38.

("C:\Users\micmitch\Dropbox\My Documents\UBC\DCIP3D_Octree_Manual\DCIP3D_Octree
_Manual.aux")
Package atveryend Info: Executing hook `AtVeryEndDocument' on input line 38.
Package atveryend Info: Executing hook `AtEndAfterFileList' on input line 38.
Package rerunfilecheck Info: File `DCIP3D_Octree_Manual.out' has not changed.
(rerunfilecheck)             Checksum: 8F36D8212E97CE049EEE6D78346421C9;1990.


LaTeX Font Warning: Some font shapes were not available, defaults substituted.

 ) 
Here is how much of TeX's memory you used:
 8910 strings out of 495285
 134942 string characters out of 3180048
 253273 words of memory out of 3000000
 11688 multiletter control sequences out of 15000+200000
 16295 words of font info for 58 fonts, out of 3000000 for 9000
 14 hyphenation exceptions out of 8191
 51i,13n,44p,2106b,451s stack positions out of 5000i,500n,10000p,200000b,50000s
<C:/Program Files (x86)/MiKTeX 2.8/fonts/type1/public/amsfonts/cm/cmbx10.pfb>
<C:/Program Files (x86)/MiKTeX 2.8/fonts/type1/public/amsfonts/cm/cmbx12.pfb><C
:/Program Files (x86)/MiKTeX 2.8/fonts/type1/public/amsfonts/cm/cmex10.pfb><C:/
Program Files (x86)/MiKTeX 2.8/fonts/type1/public/amsfonts/cm/cmmi10.pfb><C:/Pr
ogram Files (x86)/MiKTeX 2.8/fonts/type1/public/amsfonts/cm/cmmi6.pfb><C:/Progr
am Files (x86)/MiKTeX 2.8/fonts/type1/public/amsfonts/cm/cmmi8.pfb><C:/Program 
Files (x86)/MiKTeX 2.8/fonts/type1/public/amsfonts/cm/cmr10.pfb><C:/Program Fil
es (x86)/MiKTeX 2.8/fonts/type1/public/amsfonts/cm/cmr12.pfb><C:/Program Files 
(x86)/MiKTeX 2.8/fonts/type1/public/amsfonts/cm/cmr17.pfb><C:/Program Files (x8
6)/MiKTeX 2.8/fonts/type1/public/amsfonts/cm/cmr8.pfb><C:/Program Files (x86)/M
iKTeX 2.8/fonts/type1/public/amsfonts/cm/cmr9.pfb><C:/Program Files (x86)/MiKTe
X 2.8/fonts/type1/public/amsfonts/cm/cmsy10.pfb><C:/Program Files (x86)/MiKTeX 
2.8/fonts/type1/public/amsfonts/cm/cmsy8.pfb><C:/Program Files (x86)/MiKTeX 2.8
/fonts/type1/public/amsfonts/cm/cmti10.pfb><C:/Program Files (x86)/MiKTeX 2.8/f
onts/type1/public/amsfonts/cm/cmtt10.pfb><C:/Program Files (x86)/MiKTeX 2.8/fon
ts/type1/public/amsfonts/cm/cmtt8.pfb><C:/Program Files (x86)/MiKTeX 2.8/fonts/
type1/public/amsfonts/cm/cmtt9.pfb>
Output written on DCIP3D_Octree_Manual.pdf (77 pages, 1730753 bytes).
PDF statistics:
 835 PDF objects out of 1000 (max. 8388607)
 240 named destinations out of 1000 (max. 500000)
 298 words of extra memory for PDF output out of 10000 (max. 10000000)

